<?xml version="1.0" encoding="UTF-8" standalone="no"?>
<testsuite failures="0" name="cucumber.runtime.formatter.JUnitFormatter" skipped="0" tests="1" time="31.575883">
<testcase classname="Automation Practice" name="Automation Practice Login Scenario" time="31.575883">
<system-out><![CDATA[Given user is already on Account Page.......................................passed
When title of login page is My Store........................................passed
Then user enters "ravishankarpatro@gmail.com" and "r2vmauto@123"............passed
Then user is on My Account page.............................................passed
Then user clicks on Your personal information link..........................passed
Then user clicks radio button titled Mr.....................................passed
Then user clicks on First name input box and enters first name and user enters "ravi".passed
Then user clicks on Second Name input box and enters second name "shankar"..passed
Then user clicks on Email and enters email address..........................passed
Then user enters Date of birth using drop down..............................passed
Then Close the browser1.....................................................passed
]]></system-out>
</testcase>
</testsuite>
