<?xml version="1.0" encoding="UTF-8" standalone="no"?>
<testsuite failures="2" name="cucumber.runtime.formatter.JUnitFormatter" skipped="0" tests="2" time="0.625675">
<testcase classname="nopcommerce" name="nopcommerce search scenario" time="0.625475">
<failure message="cucumber.runtime.CucumberException: class stepDefinitions.WishlistSteps doesn't have an empty constructor. If you need DI, put cucumber-picocontainer on the classpath&#13;&#10;&#9;at cucumber.runtime.java.DefaultJavaObjectFactory.cacheNewInstance(DefaultJavaObjectFactory.java:45)&#13;&#10;&#9;at cucumber.runtime.java.DefaultJavaObjectFactory.getInstance(DefaultJavaObjectFactory.java:33)&#13;&#10;&#9;at cucumber.runtime.java.JavaStepDefinition.execute(JavaStepDefinition.java:38)&#13;&#10;&#9;at cucumber.runtime.StepDefinitionMatch.runStep(StepDefinitionMatch.java:37)&#13;&#10;&#9;at cucumber.runtime.Runtime.runStep(Runtime.java:300)&#13;&#10;&#9;at cucumber.runtime.model.StepContainer.runStep(StepContainer.java:44)&#13;&#10;&#9;at cucumber.runtime.model.StepContainer.runSteps(StepContainer.java:39)&#13;&#10;&#9;at cucumber.runtime.model.CucumberScenario.run(CucumberScenario.java:44)&#13;&#10;&#9;at cucumber.runtime.junit.ExecutionUnitRunner.run(ExecutionUnitRunner.java:102)&#13;&#10;&#9;at cucumber.runtime.junit.FeatureRunner.runChild(FeatureRunner.java:63)&#13;&#10;&#9;at cucumber.runtime.junit.FeatureRunner.runChild(FeatureRunner.java:18)&#13;&#10;&#9;at org.junit.runners.ParentRunner$4.run(ParentRunner.java:331)&#13;&#10;&#9;at org.junit.runners.ParentRunner$1.schedule(ParentRunner.java:79)&#13;&#10;&#9;at org.junit.runners.ParentRunner.runChildren(ParentRunner.java:329)&#13;&#10;&#9;at org.junit.runners.ParentRunner.access$100(ParentRunner.java:66)&#13;&#10;&#9;at org.junit.runners.ParentRunner$2.evaluate(ParentRunner.java:293)&#13;&#10;&#9;at org.junit.runners.ParentRunner$3.evaluate(ParentRunner.java:306)&#13;&#10;&#9;at org.junit.runners.ParentRunner.run(ParentRunner.java:413)&#13;&#10;&#9;at cucumber.runtime.junit.FeatureRunner.run(FeatureRunner.java:70)&#13;&#10;&#9;at cucumber.api.junit.Cucumber.runChild(Cucumber.java:95)&#13;&#10;&#9;at cucumber.api.junit.Cucumber.runChild(Cucumber.java:38)&#13;&#10;&#9;at org.junit.runners.ParentRunner$4.run(ParentRunner.java:331)&#13;&#10;&#9;at org.junit.runners.ParentRunner$1.schedule(ParentRunner.java:79)&#13;&#10;&#9;at org.junit.runners.ParentRunner.runChildren(ParentRunner.java:329)&#13;&#10;&#9;at org.junit.runners.ParentRunner.access$100(ParentRunner.java:66)&#13;&#10;&#9;at org.junit.runners.ParentRunner$2.evaluate(ParentRunner.java:293)&#13;&#10;&#9;at org.junit.runners.ParentRunner$3.evaluate(ParentRunner.java:306)&#13;&#10;&#9;at org.junit.runners.ParentRunner.run(ParentRunner.java:413)&#13;&#10;&#9;at cucumber.api.junit.Cucumber.run(Cucumber.java:100)&#13;&#10;&#9;at org.junit.runner.JUnitCore.run(JUnitCore.java:137)&#13;&#10;&#9;at com.intellij.junit4.JUnit4IdeaTestRunner.startRunnerWithArgs(JUnit4IdeaTestRunner.java:68)&#13;&#10;&#9;at com.intellij.rt.junit.IdeaTestRunner$Repeater.startRunnerWithArgs(IdeaTestRunner.java:33)&#13;&#10;&#9;at com.intellij.rt.junit.JUnitStarter.prepareStreamsAndStart(JUnitStarter.java:230)&#13;&#10;&#9;at com.intellij.rt.junit.JUnitStarter.main(JUnitStarter.java:58)&#13;&#10;Caused by: java.lang.NoSuchMethodException: stepDefinitions.WishlistSteps.&lt;init&gt;()&#13;&#10;&#9;at java.lang.Class.getConstructor0(Class.java:3082)&#13;&#10;&#9;at java.lang.Class.getConstructor(Class.java:1825)&#13;&#10;&#9;at cucumber.runtime.java.DefaultJavaObjectFactory.cacheNewInstance(DefaultJavaObjectFactory.java:40)&#13;&#10;&#9;... 33 more&#13;&#10;"><![CDATA[Given user is already on Home Page..........................................failed
When title of home page is nopCommerce demo store...........................skipped
Then user clicks on Wishlist link...........................................skipped
Then user is on Wishlist page...............................................undefined
Then title of Wishlist page is nopCommerce demo store. Wishlist.............undefined
Then user clicks on search input............................................undefined
Then user enters search word Lenovo.........................................undefined
Then user clicks on search button...........................................undefined
Then close the browser......................................................skipped

StackTrace:
cucumber.runtime.CucumberException: class stepDefinitions.WishlistSteps doesn't have an empty constructor. If you need DI, put cucumber-picocontainer on the classpath

	at cucumber.runtime.java.DefaultJavaObjectFactory.cacheNewInstance(DefaultJavaObjectFactory.java:45)

	at cucumber.runtime.java.DefaultJavaObjectFactory.getInstance(DefaultJavaObjectFactory.java:33)

	at cucumber.runtime.java.JavaStepDefinition.execute(JavaStepDefinition.java:38)

	at cucumber.runtime.StepDefinitionMatch.runStep(StepDefinitionMatch.java:37)

	at cucumber.runtime.Runtime.runStep(Runtime.java:300)

	at cucumber.runtime.model.StepContainer.runStep(StepContainer.java:44)

	at cucumber.runtime.model.StepContainer.runSteps(StepContainer.java:39)

	at cucumber.runtime.model.CucumberScenario.run(CucumberScenario.java:44)

	at cucumber.runtime.junit.ExecutionUnitRunner.run(ExecutionUnitRunner.java:102)

	at cucumber.runtime.junit.FeatureRunner.runChild(FeatureRunner.java:63)

	at cucumber.runtime.junit.FeatureRunner.runChild(FeatureRunner.java:18)

	at org.junit.runners.ParentRunner$4.run(ParentRunner.java:331)

	at org.junit.runners.ParentRunner$1.schedule(ParentRunner.java:79)

	at org.junit.runners.ParentRunner.runChildren(ParentRunner.java:329)

	at org.junit.runners.ParentRunner.access$100(ParentRunner.java:66)

	at org.junit.runners.ParentRunner$2.evaluate(ParentRunner.java:293)

	at org.junit.runners.ParentRunner$3.evaluate(ParentRunner.java:306)

	at org.junit.runners.ParentRunner.run(ParentRunner.java:413)

	at cucumber.runtime.junit.FeatureRunner.run(FeatureRunner.java:70)

	at cucumber.api.junit.Cucumber.runChild(Cucumber.java:95)

	at cucumber.api.junit.Cucumber.runChild(Cucumber.java:38)

	at org.junit.runners.ParentRunner$4.run(ParentRunner.java:331)

	at org.junit.runners.ParentRunner$1.schedule(ParentRunner.java:79)

	at org.junit.runners.ParentRunner.runChildren(ParentRunner.java:329)

	at org.junit.runners.ParentRunner.access$100(ParentRunner.java:66)

	at org.junit.runners.ParentRunner$2.evaluate(ParentRunner.java:293)

	at org.junit.runners.ParentRunner$3.evaluate(ParentRunner.java:306)

	at org.junit.runners.ParentRunner.run(ParentRunner.java:413)

	at cucumber.api.junit.Cucumber.run(Cucumber.java:100)

	at org.junit.runner.JUnitCore.run(JUnitCore.java:137)

	at com.intellij.junit4.JUnit4IdeaTestRunner.startRunnerWithArgs(JUnit4IdeaTestRunner.java:68)

	at com.intellij.rt.junit.IdeaTestRunner$Repeater.startRunnerWithArgs(IdeaTestRunner.java:33)

	at com.intellij.rt.junit.JUnitStarter.prepareStreamsAndStart(JUnitStarter.java:230)

	at com.intellij.rt.junit.JUnitStarter.main(JUnitStarter.java:58)

Caused by: java.lang.NoSuchMethodException: stepDefinitions.WishlistSteps.<init>()

	at java.lang.Class.getConstructor0(Class.java:3082)

	at java.lang.Class.getConstructor(Class.java:1825)

	at cucumber.runtime.java.DefaultJavaObjectFactory.cacheNewInstance(DefaultJavaObjectFactory.java:40)

	... 33 more

]]></failure>
</testcase>
<testcase classname="nopcommerce" name="nopcommerce click link scenario" time="0.0002">
<failure message="cucumber.runtime.CucumberException: class stepDefinitions.WishlistSteps doesn't have an empty constructor. If you need DI, put cucumber-picocontainer on the classpath&#13;&#10;&#9;at cucumber.runtime.java.DefaultJavaObjectFactory.cacheNewInstance(DefaultJavaObjectFactory.java:45)&#13;&#10;&#9;at cucumber.runtime.java.DefaultJavaObjectFactory.getInstance(DefaultJavaObjectFactory.java:33)&#13;&#10;&#9;at cucumber.runtime.java.JavaStepDefinition.execute(JavaStepDefinition.java:38)&#13;&#10;&#9;at cucumber.runtime.StepDefinitionMatch.runStep(StepDefinitionMatch.java:37)&#13;&#10;&#9;at cucumber.runtime.Runtime.runStep(Runtime.java:300)&#13;&#10;&#9;at cucumber.runtime.model.StepContainer.runStep(StepContainer.java:44)&#13;&#10;&#9;at cucumber.runtime.model.StepContainer.runSteps(StepContainer.java:39)&#13;&#10;&#9;at cucumber.runtime.model.CucumberScenario.run(CucumberScenario.java:44)&#13;&#10;&#9;at cucumber.runtime.junit.ExecutionUnitRunner.run(ExecutionUnitRunner.java:102)&#13;&#10;&#9;at cucumber.runtime.junit.FeatureRunner.runChild(FeatureRunner.java:63)&#13;&#10;&#9;at cucumber.runtime.junit.FeatureRunner.runChild(FeatureRunner.java:18)&#13;&#10;&#9;at org.junit.runners.ParentRunner$4.run(ParentRunner.java:331)&#13;&#10;&#9;at org.junit.runners.ParentRunner$1.schedule(ParentRunner.java:79)&#13;&#10;&#9;at org.junit.runners.ParentRunner.runChildren(ParentRunner.java:329)&#13;&#10;&#9;at org.junit.runners.ParentRunner.access$100(ParentRunner.java:66)&#13;&#10;&#9;at org.junit.runners.ParentRunner$2.evaluate(ParentRunner.java:293)&#13;&#10;&#9;at org.junit.runners.ParentRunner$3.evaluate(ParentRunner.java:306)&#13;&#10;&#9;at org.junit.runners.ParentRunner.run(ParentRunner.java:413)&#13;&#10;&#9;at cucumber.runtime.junit.FeatureRunner.run(FeatureRunner.java:70)&#13;&#10;&#9;at cucumber.api.junit.Cucumber.runChild(Cucumber.java:95)&#13;&#10;&#9;at cucumber.api.junit.Cucumber.runChild(Cucumber.java:38)&#13;&#10;&#9;at org.junit.runners.ParentRunner$4.run(ParentRunner.java:331)&#13;&#10;&#9;at org.junit.runners.ParentRunner$1.schedule(ParentRunner.java:79)&#13;&#10;&#9;at org.junit.runners.ParentRunner.runChildren(ParentRunner.java:329)&#13;&#10;&#9;at org.junit.runners.ParentRunner.access$100(ParentRunner.java:66)&#13;&#10;&#9;at org.junit.runners.ParentRunner$2.evaluate(ParentRunner.java:293)&#13;&#10;&#9;at org.junit.runners.ParentRunner$3.evaluate(ParentRunner.java:306)&#13;&#10;&#9;at org.junit.runners.ParentRunner.run(ParentRunner.java:413)&#13;&#10;&#9;at cucumber.api.junit.Cucumber.run(Cucumber.java:100)&#13;&#10;&#9;at org.junit.runner.JUnitCore.run(JUnitCore.java:137)&#13;&#10;&#9;at com.intellij.junit4.JUnit4IdeaTestRunner.startRunnerWithArgs(JUnit4IdeaTestRunner.java:68)&#13;&#10;&#9;at com.intellij.rt.junit.IdeaTestRunner$Repeater.startRunnerWithArgs(IdeaTestRunner.java:33)&#13;&#10;&#9;at com.intellij.rt.junit.JUnitStarter.prepareStreamsAndStart(JUnitStarter.java:230)&#13;&#10;&#9;at com.intellij.rt.junit.JUnitStarter.main(JUnitStarter.java:58)&#13;&#10;Caused by: java.lang.NoSuchMethodException: stepDefinitions.WishlistSteps.&lt;init&gt;()&#13;&#10;&#9;at java.lang.Class.getConstructor0(Class.java:3082)&#13;&#10;&#9;at java.lang.Class.getConstructor(Class.java:1825)&#13;&#10;&#9;at cucumber.runtime.java.DefaultJavaObjectFactory.cacheNewInstance(DefaultJavaObjectFactory.java:40)&#13;&#10;&#9;... 33 more&#13;&#10;"><![CDATA[Given user is already on Home Page..........................................failed
When title of home page is nopCommerce demo store...........................skipped
Then user clicks on Wishlist link...........................................skipped
Then user is on Wishlist page...............................................undefined
Then title of Wishlist page is nopCommerce demo store. Wishlist.............undefined
Then user hovers on Computers link..........................................undefined
Then user cliks on Desktops.................................................undefined
Then user clicks on build your own computer.................................undefined
Then user clicks on add to wishlist.........................................undefined

StackTrace:
cucumber.runtime.CucumberException: class stepDefinitions.WishlistSteps doesn't have an empty constructor. If you need DI, put cucumber-picocontainer on the classpath

	at cucumber.runtime.java.DefaultJavaObjectFactory.cacheNewInstance(DefaultJavaObjectFactory.java:45)

	at cucumber.runtime.java.DefaultJavaObjectFactory.getInstance(DefaultJavaObjectFactory.java:33)

	at cucumber.runtime.java.JavaStepDefinition.execute(JavaStepDefinition.java:38)

	at cucumber.runtime.StepDefinitionMatch.runStep(StepDefinitionMatch.java:37)

	at cucumber.runtime.Runtime.runStep(Runtime.java:300)

	at cucumber.runtime.model.StepContainer.runStep(StepContainer.java:44)

	at cucumber.runtime.model.StepContainer.runSteps(StepContainer.java:39)

	at cucumber.runtime.model.CucumberScenario.run(CucumberScenario.java:44)

	at cucumber.runtime.junit.ExecutionUnitRunner.run(ExecutionUnitRunner.java:102)

	at cucumber.runtime.junit.FeatureRunner.runChild(FeatureRunner.java:63)

	at cucumber.runtime.junit.FeatureRunner.runChild(FeatureRunner.java:18)

	at org.junit.runners.ParentRunner$4.run(ParentRunner.java:331)

	at org.junit.runners.ParentRunner$1.schedule(ParentRunner.java:79)

	at org.junit.runners.ParentRunner.runChildren(ParentRunner.java:329)

	at org.junit.runners.ParentRunner.access$100(ParentRunner.java:66)

	at org.junit.runners.ParentRunner$2.evaluate(ParentRunner.java:293)

	at org.junit.runners.ParentRunner$3.evaluate(ParentRunner.java:306)

	at org.junit.runners.ParentRunner.run(ParentRunner.java:413)

	at cucumber.runtime.junit.FeatureRunner.run(FeatureRunner.java:70)

	at cucumber.api.junit.Cucumber.runChild(Cucumber.java:95)

	at cucumber.api.junit.Cucumber.runChild(Cucumber.java:38)

	at org.junit.runners.ParentRunner$4.run(ParentRunner.java:331)

	at org.junit.runners.ParentRunner$1.schedule(ParentRunner.java:79)

	at org.junit.runners.ParentRunner.runChildren(ParentRunner.java:329)

	at org.junit.runners.ParentRunner.access$100(ParentRunner.java:66)

	at org.junit.runners.ParentRunner$2.evaluate(ParentRunner.java:293)

	at org.junit.runners.ParentRunner$3.evaluate(ParentRunner.java:306)

	at org.junit.runners.ParentRunner.run(ParentRunner.java:413)

	at cucumber.api.junit.Cucumber.run(Cucumber.java:100)

	at org.junit.runner.JUnitCore.run(JUnitCore.java:137)

	at com.intellij.junit4.JUnit4IdeaTestRunner.startRunnerWithArgs(JUnit4IdeaTestRunner.java:68)

	at com.intellij.rt.junit.IdeaTestRunner$Repeater.startRunnerWithArgs(IdeaTestRunner.java:33)

	at com.intellij.rt.junit.JUnitStarter.prepareStreamsAndStart(JUnitStarter.java:230)

	at com.intellij.rt.junit.JUnitStarter.main(JUnitStarter.java:58)

Caused by: java.lang.NoSuchMethodException: stepDefinitions.WishlistSteps.<init>()

	at java.lang.Class.getConstructor0(Class.java:3082)

	at java.lang.Class.getConstructor(Class.java:1825)

	at cucumber.runtime.java.DefaultJavaObjectFactory.cacheNewInstance(DefaultJavaObjectFactory.java:40)

	... 33 more

]]></failure>
</testcase>
</testsuite>
